<?xml version="1.0" encoding="UTF-8"?>
<!-- Generated by org.testng.reporters.JUnitXMLReporter -->
<testsuite ignored="0" hostname="Rakit" failures="0" tests="9" name="Default test" time="50.147" errors="0" timestamp="2023-10-02T20:06:15 IST">
  <testcase classname="testcases.EndToEndProductTest" name="addSingleProdAndCheckOut" time="1.257"/>
  <testcase classname="testcases.EndToEndProductTest" name="addMultiProdAndCheckOut" time="0.958"/>
  <testcase classname="testcases.EndToEndProductTest" name="sortProducts" time="1.048"/>
  <testcase classname="testcases.EndToEndProductTest" name="singleAddedProdRemovefromCart" time="0.27"/>
  <testcase classname="testcases.EndToEndProductTest" name="multiAddedProdRemovefromCart" time="0.513"/>
  <testcase classname="testcases.EndToEndProductTest" name="verifyTwitterNavigation" time="30.114"/>
  <testcase classname="testcases.EndToEndProductTest" name="verifyFBNavigation" time="1.468"/>
  <testcase classname="testcases.EndToEndProductTest" name="verifyLinkedInNavigation" time="2.407"/>
  <testcase classname="testcases.EndToEndProductTest" name="verifyOpenMenu" time="9.02"/>
</testsuite> <!-- Default test -->
