<?xml version="1.0" encoding="UTF-8"?>
<!-- Generated by org.testng.reporters.JUnitXMLReporter -->
<testsuite ignored="0" hostname="Rakit" failures="0" tests="9" name="Swag Products Test" time="48.728" errors="0" timestamp="2023-10-02T20:10:42 IST">
  <testcase classname="testcases.EndToEndProductTest" name="addSingleProdAndCheckOut" time="0.997"/>
  <testcase classname="testcases.EndToEndProductTest" name="addMultiProdAndCheckOut" time="0.902"/>
  <testcase classname="testcases.EndToEndProductTest" name="sortProducts" time="1.023"/>
  <testcase classname="testcases.EndToEndProductTest" name="singleAddedProdRemovefromCart" time="0.265"/>
  <testcase classname="testcases.EndToEndProductTest" name="multiAddedProdRemovefromCart" time="0.533"/>
  <testcase classname="testcases.EndToEndProductTest" name="verifyTwitterNavigation" time="30.124"/>
  <testcase classname="testcases.EndToEndProductTest" name="verifyFBNavigation" time="1.545"/>
  <testcase classname="testcases.EndToEndProductTest" name="verifyLinkedInNavigation" time="2.574"/>
  <testcase classname="testcases.EndToEndProductTest" name="verifyOpenMenu" time="8.606"/>
</testsuite> <!-- Swag Products Test -->
